
> express-ts-beginner@1.0.0 build
> tsc

src/config/db.ts(1,22): error TS2307: Cannot find module 'mongoose' or its corresponding type declarations.
src/index.ts(1,26): error TS2307: Cannot find module 'dotenv' or its corresponding type declarations.
src/models/demo.model.ts(1,22): error TS2307: Cannot find module 'mongoose' or its corresponding type declarations.
