TN:
SF:src\app.ts
FNF:0
FNH:0
DA:1,1
DA:2,1
DA:3,1
DA:4,1
DA:5,1
DA:8,1
DA:11,1
DA:12,1
DA:13,1
DA:16,1
DA:19,1
DA:21,1
LF:12
LH:12
BRF:0
BRH:0
end_of_record
TN:
SF:src\config\db.ts
FN:3,(anonymous_8)
FN:3,(anonymous_9)
FNF:2
FNH:0
FNDA:0,(anonymous_8)
FNDA:0,(anonymous_9)
DA:1,0
DA:3,0
DA:4,0
DA:5,0
DA:6,0
DA:8,0
DA:9,0
LF:7
LH:0
BRDA:5,0,0,0
BRDA:5,0,1,0
BRF:2
BRH:0
end_of_record
TN:
SF:src\middleware\auth.middleware.ts
FN:8,(anonymous_1)
FNF:1
FNH:0
FNDA:0,(anonymous_1)
DA:2,1
DA:4,1
DA:8,1
DA:9,0
DA:13,0
DA:14,0
DA:15,0
DA:16,0
DA:19,0
DA:20,0
DA:21,0
DA:25,0
DA:28,0
DA:30,0
DA:33,0
LF:15
LH:3
BRDA:4,0,0,1
BRDA:4,0,1,1
BRDA:13,1,0,0
BRDA:13,1,1,0
BRDA:13,2,0,0
BRDA:13,2,1,0
BRDA:15,3,0,0
BRDA:15,3,1,0
BRDA:15,4,0,0
BRDA:15,4,1,0
BRDA:19,5,0,0
BRDA:19,5,1,0
BRF:12
BRH:2
end_of_record
TN:
SF:src\middleware\error.middleware.ts
FN:8,(anonymous_0)
FNF:1
FNH:1
FNDA:1,(anonymous_0)
DA:8,1
DA:14,1
DA:16,1
LF:3
LH:3
BRDA:18,0,0,1
BRDA:18,0,1,0
BRF:2
BRH:1
end_of_record
TN:
SF:src\modules\auth\auth.controller.ts
FN:10,(anonymous_8)
FN:10,(anonymous_9)
FN:59,(anonymous_10)
FN:59,(anonymous_11)
FN:100,(anonymous_12)
FN:100,(anonymous_13)
FNF:6
FNH:2
FNDA:3,(anonymous_8)
FNDA:3,(anonymous_9)
FNDA:0,(anonymous_10)
FNDA:0,(anonymous_11)
FNDA:0,(anonymous_12)
FNDA:0,(anonymous_13)
DA:2,1
DA:3,1
DA:4,1
DA:5,1
DA:10,3
DA:11,3
DA:12,3
DA:17,3
DA:18,3
DA:19,1
DA:20,1
DA:24,2
DA:25,1
DA:26,0
DA:27,0
DA:34,1
DA:37,1
DA:43,1
DA:46,1
DA:54,1
DA:59,1
DA:60,0
DA:61,0
DA:64,0
DA:65,0
DA:66,0
DA:67,0
DA:71,0
DA:72,0
DA:73,0
DA:74,0
DA:78,0
DA:79,0
DA:80,0
DA:81,0
DA:86,0
DA:88,0
DA:95,0
DA:100,1
DA:101,0
DA:103,0
DA:105,0
DA:110,0
LF:43
LH:20
BRDA:18,0,0,1
BRDA:18,0,1,2
BRDA:25,1,0,0
BRDA:25,1,1,1
BRDA:65,2,0,0
BRDA:65,2,1,0
BRDA:72,3,0,0
BRDA:72,3,1,0
BRDA:79,4,0,0
BRDA:79,4,1,0
BRF:10
BRH:3
end_of_record
TN:
SF:src\modules\auth\auth.model.ts
FNF:0
FNH:0
DA:1,0
DA:4,0
DA:21,0
LF:3
LH:0
BRF:0
BRH:0
end_of_record
TN:
SF:src\modules\auth\auth.routes.ts
FNF:0
FNH:0
DA:1,1
DA:2,1
DA:3,1
DA:5,1
DA:10,1
DA:20,1
DA:30,1
DA:32,1
LF:8
LH:8
BRF:0
BRH:0
end_of_record
TN:
SF:src\modules\health\health.controller.ts
FN:7,(anonymous_0)
FNF:1
FNH:0
FNDA:0,(anonymous_0)
DA:7,1
DA:8,0
DA:10,0
DA:17,0
LF:4
LH:1
BRF:0
BRH:0
end_of_record
TN:
SF:src\modules\health\health.routes.ts
FNF:0
FNH:0
DA:1,1
DA:2,1
DA:4,1
DA:6,1
DA:8,1
LF:5
LH:5
BRF:0
BRH:0
end_of_record
TN:
SF:src\utils\jwt.utils.ts
FN:10,(anonymous_1)
FNF:1
FNH:1
FNDA:2,(anonymous_1)
DA:1,2
DA:5,2
DA:10,2
DA:11,2
DA:13,2
DA:17,2
DA:24,2
LF:7
LH:7
BRDA:5,0,0,2
BRDA:5,0,1,2
BRF:2
BRH:2
end_of_record
